2018-08-08 16:11:43,958 - handle - INFO - [zhang]正在查看[zhang]的[java面试感悟【一】]文章
2018-08-08 16:11:49,118 - handle - INFO - [zhang]正在查看[zhang]的[实例 可以把它们应用到按钮、工具条中的按钮组、导航或输入框等地方。    Star Star Sta]文章
2018-08-08 16:11:54,322 - handle - INFO - [zhang] 进入 [alex]的homesite
2018-08-08 16:11:55,612 - handle - INFO - [zhang] 进入 [alex]的homesite
2018-08-08 16:11:56,470 - handle - INFO - [zhang] 进入 [alex]的homesite
2018-08-08 16:11:57,117 - handle - INFO - [zhang] 进入 [alex]的homesite
2018-08-08 16:11:58,116 - handle - INFO - [zhang] 进入 [zhang]的homesite
2018-08-08 16:12:01,021 - handle - INFO - [zhang] 进入 [zhang]的homesite
2018-08-08 16:12:04,320 - handle - INFO - [zhang]正在查看[zhang]的[实例 可以把它们应用到按钮、工具条中的按钮组、导航或输入框等地方。    Star Star Sta]文章
2018-08-08 16:12:11,217 - handle - INFO - [zhang] 进入 [jack]的homesite
2018-08-08 16:12:22,330 - handle - INFO - [zhang] 进入 [zhang]的homesite
2018-08-08 16:12:26,506 - handle - INFO - [zhang] 进入 [zhang]的homesite
2018-08-08 16:12:28,922 - handle - INFO - [zhang] 进入 [alex]的homesite
2018-08-08 16:12:30,985 - handle - INFO - [zhang]正在查看[alex]的[图书主页]文章
2018-08-08 16:12:32,829 - handle - INFO - [zhang] 进入 [zhang]的homesite
2018-08-08 16:12:40,068 - handle - INFO - [zhang]正在查看[zhang]的[java面试感悟【一】]文章
2018-08-08 16:12:48,431 - handle - INFO - [zhang]评论了[java面试感悟【一】]文章，评论内容是4444
2018-08-08 16:12:50,212 - handle - INFO - [zhang]正在查看[zhang]的[java面试感悟【一】]文章
2018-08-08 16:12:57,750 - handle - INFO - [zhang] 进入 [alex]的homesite
2018-08-08 16:12:59,889 - handle - INFO - [zhang] 进入 [zhang]的homesite
2018-08-08 16:13:16,556 - handle - INFO - [alex] 进入 [jack]的homesite
2018-08-08 16:13:17,804 - handle - INFO - [alex] 进入 [jack]的homesite
2018-08-08 16:13:19,016 - handle - INFO - [alex] 进入 [jack]的homesite
2018-08-08 16:13:19,572 - handle - INFO - [alex] 进入 [jack]的homesite
2018-08-08 16:13:22,429 - handle - INFO - [alex] 进入 [zhou]的homesite
2018-08-08 16:13:24,609 - handle - INFO - [alex] 进入 [alex]的homesite
2018-08-08 16:13:28,964 - handle - INFO - [alex]正在查看[alex]的[实例 可以把它们应用到按钮、工具条中的按钮组、导航或输入框等地方。    Star Star Sta]文章
2018-08-08 16:13:57,640 - handle - INFO - [alex] 进入 [alex]的homesite
2018-08-08 16:14:00,453 - handle - INFO - [alex] 进入 [alex]的homesite
2018-08-08 16:14:01,565 - handle - INFO - [alex] 进入 [alex]的homesite
2018-08-08 16:15:16,910 - handle - INFO - [alex] 进入 [alex]的homesite
2018-08-08 16:15:19,135 - handle - INFO - [alex] 进入 [alex]的homesite
2018-08-08 16:26:44,142 - handle - INFO - [] 进入 [alex]的homesite
2018-08-08 16:26:51,586 - handle - INFO - [] 进入 [alex]的homesite
2018-08-08 16:26:51,801 - handle - INFO - [] 进入 [alex]的homesite
2018-08-08 16:26:51,985 - handle - INFO - [] 进入 [alex]的homesite
2018-08-08 16:26:52,145 - handle - INFO - [] 进入 [alex]的homesite
2018-08-08 16:26:53,138 - handle - INFO - []正在查看[alex]的[自定义分页器]文章
2018-08-08 16:26:54,430 - handle - INFO - [] 进入 [alex]的homesite
2018-08-08 16:26:55,159 - handle - INFO - [] 进入 [alex]的homesite
2018-08-08 16:26:55,643 - handle - INFO - [] 进入 [alex]的homesite
2018-08-08 16:26:57,021 - handle - INFO - []正在查看[alex]的[魅族手机]文章
2018-08-08 16:26:58,586 - handle - INFO - [] 进入 [alex]的homesite
2018-08-08 16:27:06,924 - handle - INFO - [] 进入 [alex]的homesite
2018-08-08 16:27:09,531 - handle - INFO - [] 进入 [alex]的homesite
2018-08-08 16:27:19,148 - handle - INFO - [] 进入 [alex]的homesite
2018-08-08 16:28:17,960 - handle - INFO - []正在查看[alex]的[图书主页]文章
2018-08-08 16:28:22,180 - handle - INFO - [] 进入 [alex]的homesite
2018-08-08 16:28:23,411 - handle - INFO - []正在查看[alex]的[自定义分页器]文章
2018-08-08 16:29:25,452 - handle - INFO - [] 进入 [alex]的homesite
2018-08-08 16:29:26,150 - handle - INFO - [] 进入 [alex]的homesite
2018-08-08 16:29:29,555 - handle - INFO - [] 进入 [alex]的homesite
2018-08-08 16:32:32,591 - handle - INFO - [alex]正在查看[alex]的[java面试感悟【一】]文章
2018-08-08 16:32:35,511 - handle - INFO - [alex]正在查看[alex]的[实例 可以把它们应用到按钮、工具条中的按钮组、导航或输入框等地方。    Star Star Sta]文章
2018-08-08 16:32:38,820 - handle - INFO - [alex]正在查看[alex]的[自定义分页器]文章
2018-08-08 16:32:42,532 - handle - INFO - [alex]评论了[自定义分页器]文章，评论内容是1111
2018-08-08 16:32:44,452 - handle - INFO - [alex]正在查看[alex]的[自定义分页器]文章
2018-08-08 16:32:47,342 - handle - INFO - [alex] 进入 [alex]的homesite
2018-08-08 16:32:49,647 - handle - INFO - [alex] 进入 [alex]的homesite
2018-08-08 16:32:50,483 - handle - INFO - [alex] 进入 [alex]的homesite
2018-08-08 16:32:51,302 - handle - INFO - [alex] 进入 [alex]的homesite
2018-08-08 16:32:51,734 - handle - INFO - [alex] 进入 [alex]的homesite
2018-08-08 16:32:52,788 - handle - INFO - [alex] 进入 [alex]的homesite
2018-08-08 16:32:55,066 - handle - INFO - [alex] 进入 [alex]的homesite
2018-08-08 16:32:59,521 - handle - INFO - [alex]正在查看[alex]的[魅族手机]文章
2018-08-08 16:33:01,199 - handle - INFO - [alex]推荐了[魅族手机]文章
2018-08-08 16:33:05,223 - handle - INFO - [alex] 进入 [alex]的homesite
2018-08-08 16:33:07,838 - handle - INFO - [alex]正在查看[alex]的[魅族手机]文章
2018-08-08 16:33:09,721 - handle - INFO - [alex]评论了[魅族手机]文章，评论内容是1111
2018-08-08 16:33:16,478 - handle - INFO - [alex] 进入 [alex]的homesite
2018-08-08 16:33:20,660 - handle - INFO - [alex] 进入 [zhang]的homesite
2018-08-08 16:33:24,328 - handle - INFO - [alex] 进入 [zhou]的homesite
2018-08-08 16:33:27,221 - handle - INFO - [alex] 进入 [jack]的homesite
2018-08-08 16:33:48,346 - handle - INFO - [] 进入 [alex]的homesite
2018-08-08 16:33:50,981 - handle - INFO - []正在查看[alex]的[自定义分页器]文章
2018-08-08 16:33:54,819 - handle - INFO - [] 进入 [alex]的homesite
2018-08-08 16:34:11,875 - handle - INFO - [] 进入 [alex]的homesite
2018-08-08 16:34:13,285 - handle - INFO - [] 进入 [alex]的homesite
2018-08-08 16:34:14,363 - handle - INFO - [] 进入 [alex]的homesite
2018-08-08 16:34:14,896 - handle - INFO - [] 进入 [alex]的homesite
2018-08-08 16:34:16,122 - handle - INFO - [] 进入 [alex]的homesite
2018-08-08 16:34:28,131 - handle - INFO - [] 进入 [alex]的homesite
2018-08-08 16:34:36,300 - handle - INFO - [] 进入 [alex]的homesite
2018-08-08 16:36:07,553 - handle - INFO - [] 进入 [alex]的homesite
2018-08-08 16:36:08,724 - handle - INFO - [] 进入 [alex]的homesite
2018-08-08 16:36:09,720 - handle - INFO - [] 进入 [alex]的homesite
2018-08-08 16:36:11,243 - handle - INFO - [] 进入 [alex]的homesite
2018-08-08 16:36:24,867 - handle - INFO - [] 进入 [alex]的homesite
2018-08-08 16:36:25,877 - handle - INFO - []正在查看[alex]的[自定义分页器]文章
2018-08-08 16:36:28,486 - handle - INFO - [] 进入 [alex]的homesite
2018-08-08 16:36:30,793 - handle - INFO - []正在查看[alex]的[图书主页]文章
2018-08-08 16:36:32,629 - handle - INFO - [] 进入 [alex]的homesite
2018-08-08 16:37:56,330 - handle - INFO - [] 进入 [alex]的homesite
2018-08-08 16:37:56,508 - handle - INFO - [] 进入 [alex]的homesite
2018-08-08 16:37:56,679 - handle - INFO - [] 进入 [alex]的homesite
2018-08-08 16:40:23,882 - handle - INFO - []正在查看[alex]的[实例 可以把它们应用到按钮、工具条中的按钮组、导航或输入框等地方。    Star Star Sta]文章
2018-08-08 16:40:32,145 - handle - INFO - [] 进入 [alex]的homesite
2018-08-08 16:41:26,157 - handle - INFO - [] 进入 [alex]的homesite
2018-08-08 16:41:26,524 - handle - INFO - [] 进入 [alex]的homesite
2018-08-08 16:41:26,753 - handle - INFO - [] 进入 [alex]的homesite
2018-08-08 16:41:27,334 - handle - INFO - [] 进入 [alex]的homesite
2018-08-08 16:41:28,559 - handle - INFO - [] 进入 [alex]的homesite
2018-08-08 16:41:29,816 - handle - INFO - [] 进入 [alex]的homesite
2018-08-08 16:41:30,395 - handle - INFO - [] 进入 [alex]的homesite
2018-08-08 16:41:31,100 - handle - INFO - [] 进入 [alex]的homesite
2018-08-08 16:41:32,043 - handle - INFO - [] 进入 [alex]的homesite
2018-08-08 16:41:34,755 - handle - INFO - [] 进入 [alex]的homesite
2018-08-08 16:41:35,307 - handle - INFO - [] 进入 [alex]的homesite
2018-08-08 16:41:36,327 - handle - INFO - [] 进入 [alex]的homesite
2018-08-08 16:41:37,270 - handle - INFO - [] 进入 [alex]的homesite
2018-08-08 16:41:38,107 - handle - INFO - [] 进入 [alex]的homesite
2018-08-08 16:41:39,187 - handle - INFO - [] 进入 [alex]的homesite
2018-08-08 16:41:58,380 - handle - INFO - [] 进入 [alex]的homesite
2018-08-08 16:42:00,972 - handle - INFO - [] 进入 [alex]的homesite
2018-08-08 16:42:01,847 - handle - INFO - [] 进入 [alex]的homesite
2018-08-08 16:42:03,000 - handle - INFO - [] 进入 [alex]的homesite
2018-08-08 16:42:04,020 - handle - INFO - [] 进入 [alex]的homesite
2018-08-08 16:42:04,573 - handle - INFO - [] 进入 [alex]的homesite
2018-08-08 16:42:05,561 - handle - INFO - [] 进入 [alex]的homesite
2018-08-08 16:42:05,764 - handle - INFO - [] 进入 [alex]的homesite
2018-08-08 16:42:11,892 - handle - INFO - [] 进入 [zhou]的homesite
2018-08-08 16:42:12,946 - handle - INFO - []正在查看[zhou]的[虾米音乐]文章
2018-08-08 16:42:14,259 - handle - INFO - [] 进入 [zhou]的homesite
2018-08-08 16:42:14,866 - handle - INFO - [] 进入 [zhou]的homesite
2018-08-08 16:42:15,895 - handle - INFO - [] 进入 [zhou]的homesite
2018-08-08 16:42:16,531 - handle - INFO - [] 进入 [zhou]的homesite
2018-08-08 16:42:17,614 - handle - INFO - [] 进入 [zhou]的homesite
2018-08-08 16:48:14,964 - handle - INFO - []正在查看[alex]的[java面试感悟【一】]文章
2018-08-08 16:48:18,131 - handle - INFO - []正在查看[alex]的[实例 可以把它们应用到按钮、工具条中的按钮组、导航或输入框等地方。    Star Star Sta]文章
2018-08-08 16:50:55,288 - handle - INFO - []正在查看[jack]的[java面试感悟【一】]文章
2018-08-08 16:50:56,436 - handle - INFO - [] 进入 [jack]的homesite
2018-08-08 16:50:57,973 - handle - INFO - [] 进入 [jack]的homesite
2018-08-08 16:51:00,063 - handle - INFO - []正在查看[jack]的[java面试感悟【一】]文章
2018-08-08 16:51:02,691 - handle - INFO - []正在查看[jack]的[实例 可以把它们应用到按钮、工具条中的按钮组、导航或输入框等地方。    Star Star Sta]文章
2018-08-08 16:51:59,939 - handle - INFO - []正在查看[jack]的[java面试感悟【一】]文章
2018-08-08 16:52:00,859 - handle - INFO - [] 进入 [jack]的homesite
2018-08-08 16:52:01,636 - handle - INFO - [] 进入 [jack]的homesite
2018-08-08 16:52:02,173 - handle - INFO - [] 进入 [jack]的homesite
2018-08-08 16:52:24,520 - handle - INFO - [alex]正在查看[jack]的[java面试感悟【一】]文章
2018-08-08 16:52:26,198 - handle - INFO - [alex] 进入 [jack]的homesite
2018-08-08 16:52:44,901 - handle - INFO - [alex] 进入 [alex]的homesite
2018-08-08 16:52:46,233 - handle - INFO - [alex] 进入 [alex]的homesite
2018-08-08 16:52:49,815 - handle - INFO - [alex]正在查看[jack]的[实例 可以把它们应用到按钮、工具条中的按钮组、导航或输入框等地方。    Star Star Sta]文章
2018-08-08 16:52:54,226 - handle - INFO - [alex]评论了[实例 可以把它们应用到按钮、工具条中的按钮组、导航或输入框等地方。    Star Star Sta]文章，评论内容是111111
2018-08-08 16:52:56,924 - handle - INFO - [alex]正在查看[jack]的[实例 可以把它们应用到按钮、工具条中的按钮组、导航或输入框等地方。    Star Star Sta]文章
2018-08-08 16:53:00,676 - handle - INFO - [alex]评论了[实例 可以把它们应用到按钮、工具条中的按钮组、导航或输入框等地方。    Star Star Sta]文章，评论内容是fdsafsa
2018-08-08 16:53:17,433 - handle - INFO - [alex] 进入 [jack]的homesite
2018-08-08 16:53:18,287 - handle - INFO - [alex] 进入 [jack]的homesite
2018-08-08 16:53:20,802 - handle - INFO - [alex] 进入 [alex]的homesite
2018-08-08 16:53:21,894 - handle - INFO - [alex] 进入 [alex]的homesite
2018-08-08 16:53:28,367 - handle - INFO - []正在查看[jack]的[实例 可以把它们应用到按钮、工具条中的按钮组、导航或输入框等地方。    Star Star Sta]文章
2018-08-08 16:53:30,639 - handle - INFO - [] 进入 [jack]的homesite
2018-08-08 16:53:33,274 - handle - INFO - []正在查看[alex]的[自定义分页器]文章
2018-08-08 17:07:11,318 - handle - INFO - [tom] 进入 [alex]的homesite
2018-08-08 17:07:11,513 - handle - INFO - [tom] 进入 [alex]的homesite
2018-08-08 17:07:13,270 - handle - INFO - [tom] 进入 [alex]的homesite
2018-08-08 17:08:23,472 - handle - INFO - [jack] 进入 [alex]的homesite
2018-08-08 17:08:54,380 - handle - INFO - [jack]正在查看[jack]的[实例 可以把它们应用到按钮、工具条中的按钮组、导航或输入框等地方。    Star Star Sta]文章
2018-08-08 17:08:56,677 - handle - INFO - [jack]正在查看[jack]的[java面试感悟【一】]文章
2018-08-08 17:08:59,652 - handle - INFO - [jack] 进入 [jack]的homesite
2018-08-08 17:09:03,496 - handle - INFO - [jack] 进入 [zhang]的homesite
2018-08-08 17:09:04,752 - handle - INFO - [jack] 进入 [zhang]的homesite
2018-08-08 17:09:05,661 - handle - INFO - [jack] 进入 [zhang]的homesite
2018-08-08 17:09:07,381 - handle - INFO - [jack] 进入 [zhou]的homesite
2018-08-08 17:09:09,276 - handle - INFO - [jack] 进入 [alex]的homesite
2018-08-08 17:10:25,054 - handle - INFO - [jack] 进入 [alex]的homesite
2018-08-08 17:10:26,235 - handle - INFO - [jack] 进入 [alex]的homesite
2018-08-08 17:11:01,819 - handle - INFO - [jack] 进入 [alex]的homesite
2018-08-08 17:11:13,401 - handle - INFO - [jack]正在查看[jack]的[实例 可以把它们应用到按钮、工具条中的按钮组、导航或输入框等地方。    Star Star Sta]文章
2018-08-08 17:11:15,744 - handle - INFO - [jack] 进入 [jack]的homesite
2018-08-08 17:11:16,728 - handle - INFO - [jack]正在查看[jack]的[java面试感悟【一】]文章
2018-08-08 17:11:37,647 - handle - INFO - [jack]正在查看[jack]的[实例 可以把它们应用到按钮、工具条中的按钮组、导航或输入框等地方。    Star Star Sta]文章
2018-08-08 17:24:41,190 - handle - INFO - [alex] 进入 [alex]的homesite
2018-08-08 17:25:26,471 - handle - INFO - [alex]正在查看[alex]的[图书主页]文章
2018-08-08 17:54:16,672 - handle - INFO - [alex]正在查看[jack]的[java面试感悟【一】]文章
2018-08-08 17:55:56,168 - handle - INFO - [alex] 进入 [alex]的homesite
2018-08-08 17:55:59,134 - handle - INFO - [alex] 进入 [alex]的homesite
2018-08-08 17:56:05,570 - handle - INFO - [alex] 进入 [alex]的homesite
2018-08-08 17:56:06,952 - handle - INFO - [alex] 进入 [alex]的homesite
2018-08-08 18:00:59,133 - handle - INFO - [alex] 进入 [alex]的homesite
2018-08-08 18:00:59,340 - handle - INFO - [alex] 进入 [alex]的homesite
2018-08-08 18:00:59,509 - handle - INFO - [alex] 进入 [alex]的homesite
2018-08-08 18:01:00,553 - handle - INFO - [alex]正在查看[alex]的[自定义分页器]文章
2018-08-08 18:01:34,332 - handle - INFO - [alex]正在查看[alex]的[自定义分页器]文章
2018-08-08 18:01:34,605 - handle - INFO - [alex]正在查看[alex]的[自定义分页器]文章
2018-08-08 18:01:34,718 - handle - INFO - [alex]正在查看[alex]的[自定义分页器]文章
2018-08-08 18:02:23,647 - handle - INFO - [alex]正在查看[alex]的[自定义分页器]文章
2018-08-08 18:02:23,887 - handle - INFO - [alex]正在查看[alex]的[自定义分页器]文章
2018-08-08 18:02:24,127 - handle - INFO - [alex]正在查看[alex]的[自定义分页器]文章
2018-08-08 18:02:40,080 - handle - INFO - [alex]正在查看[alex]的[自定义分页器]文章
2018-08-08 18:02:40,318 - handle - INFO - [alex]正在查看[alex]的[自定义分页器]文章
2018-08-08 18:02:40,550 - handle - INFO - [alex]正在查看[alex]的[自定义分页器]文章
2018-08-08 18:02:40,783 - handle - INFO - [alex]正在查看[alex]的[自定义分页器]文章
2018-08-08 18:02:41,119 - handle - INFO - [alex]正在查看[alex]的[自定义分页器]文章
2018-08-08 18:02:59,582 - handle - INFO - [alex]正在查看[alex]的[自定义分页器]文章
2018-08-08 18:02:59,833 - handle - INFO - [alex]正在查看[alex]的[自定义分页器]文章
2018-08-08 18:03:00,102 - handle - INFO - [alex]正在查看[alex]的[自定义分页器]文章
2018-08-08 18:03:06,422 - handle - INFO - [alex]正在查看[alex]的[自定义分页器]文章
2018-08-08 18:03:06,700 - handle - INFO - [alex]正在查看[alex]的[自定义分页器]文章
2018-08-08 18:03:06,813 - handle - INFO - [alex]正在查看[alex]的[自定义分页器]文章
2018-08-08 18:03:07,060 - handle - INFO - [alex]正在查看[alex]的[自定义分页器]文章
2018-08-08 18:09:27,356 - handle - INFO - [alex]正在查看[alex]的[自定义分页器]文章
2018-08-08 18:09:27,608 - handle - INFO - [alex]正在查看[alex]的[自定义分页器]文章
2018-08-08 18:09:28,921 - handle - INFO - [alex]正在查看[alex]的[自定义分页器]文章
2018-08-08 18:09:59,076 - handle - INFO - [alex]正在查看[alex]的[自定义分页器]文章
2018-08-08 18:09:59,346 - handle - INFO - [alex]正在查看[alex]的[自定义分页器]文章
2018-08-08 18:09:59,459 - handle - INFO - [alex]正在查看[alex]的[自定义分页器]文章
2018-08-08 18:09:59,702 - handle - INFO - [alex]正在查看[alex]的[自定义分页器]文章
2018-08-08 22:11:44,988 - handle - INFO - [alex]正在查看[alex]的[自定义分页器]文章
2018-08-08 22:11:45,284 - handle - INFO - [alex]正在查看[alex]的[自定义分页器]文章
2018-08-08 22:11:45,346 - handle - INFO - [alex]正在查看[alex]的[自定义分页器]文章
2018-08-08 22:11:45,608 - handle - INFO - [alex]正在查看[alex]的[自定义分页器]文章
2018-08-08 22:11:53,241 - handle - INFO - [alex]评论了[自定义分页器]文章，评论内容是1111
2018-08-08 22:11:54,933 - handle - INFO - [alex]正在查看[alex]的[自定义分页器]文章
2018-08-08 22:14:30,819 - handle - INFO - [alex] 进入 [alex]的homesite
2018-08-08 22:14:34,328 - handle - INFO - [alex] 进入 [alex]的homesite
2018-08-08 22:14:35,379 - handle - INFO - [alex] 进入 [alex]的homesite
2018-08-08 22:14:37,775 - handle - INFO - [alex] 进入 [jack]的homesite
2018-08-08 22:14:40,271 - handle - INFO - [alex] 进入 [zhang]的homesite
2018-08-08 22:14:42,448 - handle - INFO - [alex] 进入 [zhou]的homesite
2018-08-08 22:14:43,550 - handle - INFO - [alex] 进入 [zhou]的homesite
2018-08-08 22:14:44,428 - handle - INFO - [alex] 进入 [zhou]的homesite
2018-08-08 22:14:45,163 - handle - INFO - [alex] 进入 [zhou]的homesite
2018-08-08 22:14:46,239 - handle - INFO - [alex]正在查看[zhou]的[虾米音乐]文章
2018-08-08 22:14:49,869 - handle - INFO - [alex]评论了[虾米音乐]文章，评论内容是111
2018-08-08 22:14:52,520 - handle - INFO - [alex] 进入 [zhou]的homesite
2018-08-08 22:14:53,157 - handle - INFO - [alex] 进入 [zhou]的homesite
2018-08-08 22:14:54,017 - handle - INFO - [alex] 进入 [zhou]的homesite
