
2018-08-08 16:10:28,146 - login - INFO - 【zhang】注册成功！
2018-08-08 16:11:05,483 - login - ERROR - 【None】登录失败！
2018-08-08 16:11:08,589 - login - INFO - 【zhang】登录成功！
2018-08-08 16:11:59,609 - login - INFO - 【zhang】进入管理后台
2018-08-08 16:12:23,773 - login - INFO - 【zhang】进入管理后台
2018-08-08 16:12:25,551 - login - INFO - 【zhang】进入管理后台
2018-08-08 16:12:59,134 - login - INFO - 【zhang】进入管理后台
2018-08-08 16:13:04,025 - login - INFO - 【】退出！
2018-08-08 16:13:14,942 - login - INFO - 【alex】登录成功！
2018-08-08 16:13:31,559 - login - INFO - 【alex】进入管理后台
2018-08-08 16:13:33,876 - login - INFO - 【alex】进入删除了一篇文章1111fsdafdsa
2018-08-08 16:13:34,946 - login - INFO - 【alex】进入管理后台
2018-08-08 16:13:41,339 - login - INFO - 【alex】编辑了文章11111
2018-08-08 16:13:41,361 - login - INFO - 【alex】进入管理后台
2018-08-08 16:13:53,478 - login - INFO - 【alex】进入添加了一篇文章妹子手机
2018-08-08 16:13:53,497 - login - INFO - 【alex】进入管理后台
2018-08-08 16:13:56,268 - login - INFO - 【alex】进入管理后台
2018-08-08 16:15:18,321 - login - INFO - 【alex】进入管理后台
2018-08-08 16:15:22,164 - login - INFO - 【】退出！
2018-08-08 16:32:31,465 - login - INFO - 【alex】登录成功！
2018-08-08 16:32:54,052 - login - INFO - 【alex】进入管理后台
2018-08-08 16:32:56,117 - login - INFO - 【alex】进入管理后台
2018-08-08 16:33:02,239 - login - INFO - 【alex】进入管理后台
2018-08-08 16:33:06,850 - login - INFO - 【alex】进入管理后台
2018-08-08 16:33:12,345 - login - INFO - 【alex】进入管理后台
2018-08-08 16:33:35,850 - login - INFO - 【】退出！
2018-08-08 16:52:21,226 - login - INFO - 【alex】登录成功！
2018-08-08 16:52:28,625 - login - INFO - 【alex】进入管理后台
2018-08-08 16:52:37,053 - login - INFO - 【alex】进入添加了一篇文章adfsaf
2018-08-08 16:52:37,073 - login - INFO - 【alex】进入管理后台
2018-08-08 16:52:43,479 - login - INFO - 【alex】进入管理后台
2018-08-08 16:53:19,818 - login - INFO - 【alex】进入管理后台
2018-08-08 16:53:24,601 - login - INFO - 【】退出！
2018-08-08 17:07:17,543 - login - INFO - 【】退出！
2018-08-08 17:07:25,353 - login - INFO - 【alex】登录成功！
2018-08-08 17:08:08,509 - login - INFO - 【】退出！
2018-08-08 17:08:19,108 - login - INFO - 【jack】登录成功！
2018-08-08 17:08:25,216 - login - INFO - 【jack】进入管理后台
2018-08-08 17:08:26,902 - login - INFO - 【jack】进入管理后台
2018-08-08 17:08:58,815 - login - INFO - 【jack】进入管理后台
2018-08-08 17:11:41,610 - login - INFO - 【jack】进入管理后台
2018-08-08 17:12:07,457 - login - INFO - 【jack】进入管理后台
2018-08-08 17:49:20,492 - login - INFO - 【】退出！
2018-08-08 17:51:04,130 - login - INFO - 【alex】登录成功！
2018-08-09 15:58:29,267 - login - INFO - 【】退出！
2018-08-09 15:58:44,064 - login - INFO - 【ming】注册成功！
2018-08-09 15:58:52,038 - login - INFO - 【ming】登录成功！
2018-08-09 15:58:59,740 - login - INFO - 【ming】进入管理后台
2018-08-09 15:59:01,598 - login - INFO - 【ming】进入管理后台
2018-08-09 15:59:04,997 - login - INFO - 【ming】进入管理后台
2018-08-09 15:59:06,566 - login - INFO - 【ming】进入管理后台
